<?xml version="1.0" encoding="UTF-8"?>
<!-- Generated by org.testng.reporters.JUnitReportReporter -->
<testsuite skipped="0" hostname="Thanatos" name="MyRunner.TestRunner" tests="1" failures="0" timestamp="30 Sep 2020 05:30:45 GMT" time="86.618" errors="0">
  <testcase name="feature" time="86.618" classname="MyRunner.TestRunner"/>
</testsuite> <!-- MyRunner.TestRunner -->
